<?xml version="1.0" encoding="UTF-8"?>
<testsuite name="com.example.filepractice.poc.domain.newexcel.IsVisibleFilterTest" tests="2" skipped="0" failures="0" errors="0" timestamp="2025-12-07T04:40:14.926Z" hostname="jobongjun-ui-MacBookPro.local" time="0.05">
  <properties/>
  <testcase name="isVisible로 컬럼 필터링 테스트()" classname="com.example.filepractice.poc.domain.newexcel.IsVisibleFilterTest" time="0.024"/>
  <testcase name="중첩 리스트의 isVisible 필터링 테스트()" classname="com.example.filepractice.poc.domain.newexcel.IsVisibleFilterTest" time="0.025"/>
  <system-out><![CDATA[✅ isVisible 필터링이 정상 동작합니다
   - 보이는 컬럼: productId, productName
   - 숨긴 컬럼: amount, qty, content, images
✅ 중첩 리스트 기본 테스트 통과
]]></system-out>
  <system-err><![CDATA[]]></system-err>
</testsuite>
