<?xml version="1.0" encoding="UTF-8"?>
<testsuite name="com.example.filepractice.poc.domain.newexcel.ProductExcelSheetTest" tests="3" skipped="0" failures="0" errors="0" timestamp="2025-12-07T04:40:14.977Z" hostname="jobongjun-ui-MacBookPro.local" time="0.017">
  <properties/>
  <testcase name="템플릿 기반 엑셀 생성 테스트()" classname="com.example.filepractice.poc.domain.newexcel.ProductExcelSheetTest" time="0.016"/>
  <testcase name="중첩 리스트 구조 확인 테스트()" classname="com.example.filepractice.poc.domain.newexcel.ProductExcelSheetTest" time="0.001"/>
  <testcase name="템플릿 구조 확인 테스트()" classname="com.example.filepractice.poc.domain.newexcel.ProductExcelSheetTest" time="0.0"/>
  <system-out><![CDATA[✅ 엑셀 파일이 build/test_product_excel.xlsx 에 생성되었습니다
✅ 중첩 리스트 구조가 올바릅니다
✅ 템플릿 구조가 올바릅니다
]]></system-out>
  <system-err><![CDATA[]]></system-err>
</testsuite>
